  ICA1.cpp
Application.obj : error LNK2001: unresolved external symbol ___CxxFrameHandler3
glfw3.lib(win32_joystick.obj) : error LNK2001: unresolved external symbol @__security_check_cookie@4
glfw3.lib(wgl_context.obj) : error LNK2001: unresolved external symbol @__security_check_cookie@4
glfw3.lib(egl_context.obj) : error LNK2001: unresolved external symbol @__security_check_cookie@4
glfw3.lib(osmesa_context.obj) : error LNK2001: unresolved external symbol @__security_check_cookie@4
glfw3.lib(input.obj) : error LNK2001: unresolved external symbol @__security_check_cookie@4
glfw3.lib(win32_init.obj) : error LNK2001: unresolved external symbol @__security_check_cookie@4
glfw3.lib(win32_monitor.obj) : error LNK2001: unresolved external symbol @__security_check_cookie@4
glfw3.lib(win32_window.obj) : error LNK2001: unresolved external symbol @__security_check_cookie@4
Application.obj : error LNK2001: unresolved external symbol @__security_check_cookie@4
glfw3.lib(context.obj) : error LNK2001: unresolved external symbol @__security_check_cookie@4
glfw3.lib(init.obj) : error LNK2001: unresolved external symbol @__security_check_cookie@4
glfw3.lib(window.obj) : error LNK2001: unresolved external symbol @__security_check_cookie@4
Application.obj : error LNK2001: unresolved external symbol __imp__exit
Application.obj : error LNK2001: unresolved external symbol __imp___fgetchar
Application.obj : error LNK2001: unresolved external symbol __imp____acrt_iob_func
Application.obj : error LNK2001: unresolved external symbol "void * __cdecl operator new(unsigned int)" (??2@YAPAXI@Z)
msvcprt.lib(locale0_implib.obj) : error LNK2001: unresolved external symbol "void * __cdecl operator new(unsigned int)" (??2@YAPAXI@Z)
Application.obj : error LNK2001: unresolved external symbol "void __cdecl operator delete(void *,unsigned int)" (??3@YAXPAXI@Z)
msvcprt.lib(locale0_implib.obj) : error LNK2001: unresolved external symbol "void __cdecl operator delete(void *,unsigned int)" (??3@YAXPAXI@Z)
Application.obj : error LNK2001: unresolved external symbol __imp____stdio_common_vfprintf
Application.obj : error LNK2001: unresolved external symbol __purecall
Application.obj : error LNK2001: unresolved external symbol __imp__fputs
Application.obj : error LNK2001: unresolved external symbol ___std_terminate
Application.obj : error LNK2001: unresolved external symbol "const type_info::`vftable'" (??_7type_info@@6B@)
ICA1.obj : error LNK2001: unresolved external symbol ___std_exception_destroy
ICA1.obj : error LNK2001: unresolved external symbol "void __stdcall `eh vector destructor iterator'(void *,unsigned int,unsigned int,void (__thiscall*)(void *))" (??_M@YGXPAXIIP6EX0@Z@Z)
ICA1.obj : error LNK2001: unresolved external symbol ___std_exception_copy
ICA1.obj : error LNK2001: unresolved external symbol __imp___invalid_parameter_noinfo_noreturn
ICA1.obj : error LNK2001: unresolved external symbol "void __stdcall `eh vector constructor iterator'(void *,unsigned int,unsigned int,void (__thiscall*)(void *),void (__thiscall*)(void *))" (??_L@YGXPAXIIP6EX0@Z1@Z)
shader.obj : error LNK2001: unresolved external symbol __imp__fputc
shader.obj : error LNK2001: unresolved external symbol __imp__fflush
shader.obj : error LNK2001: unresolved external symbol __imp__fclose
shader.obj : error LNK2001: unresolved external symbol __imp__fgetc
shader.obj : error LNK2001: unresolved external symbol __imp___unlock_file
shader.obj : error LNK2001: unresolved external symbol __imp___lock_file
shader.obj : error LNK2001: unresolved external symbol __imp__fwrite
shader.obj : error LNK2001: unresolved external symbol __imp__fgetpos
shader.obj : error LNK2001: unresolved external symbol __imp__setvbuf
shader.obj : error LNK2001: unresolved external symbol __imp__ungetc
shader.obj : error LNK2001: unresolved external symbol __imp__getchar
shader.obj : error LNK2001: unresolved external symbol __imp__fsetpos
shader.obj : error LNK2001: unresolved external symbol __imp__fread
shader.obj : error LNK2001: unresolved external symbol __imp___fseeki64
shader.obj : error LNK2001: unresolved external symbol __imp___get_stream_buffer_pointers
LINK : error LNK2001: unresolved external symbol _mainCRTStartup
glfw3.lib(context.obj) : error LNK2001: unresolved external symbol _strstr
glfw3.lib(win32_joystick.obj) : error LNK2001: unresolved external symbol _strstr
glfw3.lib(context.obj) : error LNK2001: unresolved external symbol __imp__strncmp
glfw3.lib(input.obj) : error LNK2001: unresolved external symbol __imp__strncmp
glfw3.lib(egl_context.obj) : error LNK2001: unresolved external symbol __imp__strncmp
glfw3.lib(context.obj) : error LNK2001: unresolved external symbol __imp____stdio_common_vsscanf
glfw3.lib(wgl_context.obj) : error LNK2001: unresolved external symbol ___security_cookie
glfw3.lib(egl_context.obj) : error LNK2001: unresolved external symbol ___security_cookie
glfw3.lib(osmesa_context.obj) : error LNK2001: unresolved external symbol ___security_cookie
glfw3.lib(win32_init.obj) : error LNK2001: unresolved external symbol ___security_cookie
glfw3.lib(win32_monitor.obj) : error LNK2001: unresolved external symbol ___security_cookie
glfw3.lib(win32_window.obj) : error LNK2001: unresolved external symbol ___security_cookie
glfw3.lib(win32_joystick.obj) : error LNK2001: unresolved external symbol ___security_cookie
glfw3.lib(context.obj) : error LNK2001: unresolved external symbol ___security_cookie
glfw3.lib(init.obj) : error LNK2001: unresolved external symbol ___security_cookie
glfw3.lib(window.obj) : error LNK2001: unresolved external symbol ___security_cookie
glfw3.lib(input.obj) : error LNK2001: unresolved external symbol ___security_cookie
glfw3.lib(win32_joystick.obj) : error LNK2001: unresolved external symbol __imp__calloc
glfw3.lib(wgl_context.obj) : error LNK2001: unresolved external symbol __imp__calloc
glfw3.lib(egl_context.obj) : error LNK2001: unresolved external symbol __imp__calloc
glfw3.lib(osmesa_context.obj) : error LNK2001: unresolved external symbol __imp__calloc
glfw3.lib(win32_monitor.obj) : error LNK2001: unresolved external symbol __imp__calloc
glfw3.lib(monitor.obj) : error LNK2001: unresolved external symbol __imp__calloc
glfw3.lib(vulkan.obj) : error LNK2001: unresolved external symbol __imp__calloc
glfw3.lib(win32_window.obj) : error LNK2001: unresolved external symbol __imp__calloc
glfw3.lib(init.obj) : error LNK2001: unresolved external symbol __imp__calloc
glfw3.lib(window.obj) : error LNK2001: unresolved external symbol __imp__calloc
glfw3.lib(input.obj) : error LNK2001: unresolved external symbol __imp__calloc
glfw3.lib(win32_init.obj) : error LNK2001: unresolved external symbol __imp__calloc
glfw3.lib(win32_joystick.obj) : error LNK2001: unresolved external symbol __imp__free
glfw3.lib(wgl_context.obj) : error LNK2001: unresolved external symbol __imp__free
glfw3.lib(egl_context.obj) : error LNK2001: unresolved external symbol __imp__free
glfw3.lib(osmesa_context.obj) : error LNK2001: unresolved external symbol __imp__free
glfw3.lib(win32_monitor.obj) : error LNK2001: unresolved external symbol __imp__free
glfw3.lib(monitor.obj) : error LNK2001: unresolved external symbol __imp__free
glfw3.lib(vulkan.obj) : error LNK2001: unresolved external symbol __imp__free
glfw3.lib(win32_window.obj) : error LNK2001: unresolved external symbol __imp__free
glfw3.lib(init.obj) : error LNK2001: unresolved external symbol __imp__free
glfw3.lib(window.obj) : error LNK2001: unresolved external symbol __imp__free
glfw3.lib(input.obj) : error LNK2001: unresolved external symbol __imp__free
glfw3.lib(win32_init.obj) : error LNK2001: unresolved external symbol __imp__free
glfw3.lib(init.obj) : error LNK2001: unresolved external symbol __imp____stdio_common_vsprintf
glfw3.lib(win32_joystick.obj) : error LNK2001: unresolved external symbol __imp____stdio_common_vsprintf
glfw3.lib(win32_monitor.obj) : error LNK2001: unresolved external symbol _memset
glfw3.lib(win32_window.obj) : error LNK2001: unresolved external symbol _memset
glfw3.lib(win32_joystick.obj) : error LNK2001: unresolved external symbol _memset
glfw3.lib(init.obj) : error LNK2001: unresolved external symbol _memset
glfw3.lib(window.obj) : error LNK2001: unresolved external symbol _memset
glfw3.lib(input.obj) : error LNK2001: unresolved external symbol _memset
glfw3.lib(win32_init.obj) : error LNK2001: unresolved external symbol _memset
glfw3.lib(monitor.obj) : error LNK2001: unresolved external symbol __fltused
glfw3.lib(win32_window.obj) : error LNK2001: unresolved external symbol __fltused
glfw3.lib(win32_joystick.obj) : error LNK2001: unresolved external symbol __fltused
glfw3.lib(init.obj) : error LNK2001: unresolved external symbol __fltused
glfw3.lib(window.obj) : error LNK2001: unresolved external symbol __fltused
glfw3.lib(input.obj) : error LNK2001: unresolved external symbol __fltused
glfw3.lib(win32_monitor.obj) : error LNK2001: unresolved external symbol __fltused
glfw3.lib(window.obj) : error LNK2001: unresolved external symbol __imp__strncpy
glfw3.lib(input.obj) : error LNK2001: unresolved external symbol __imp__strncpy
glfw3.lib(win32_joystick.obj) : error LNK2001: unresolved external symbol __imp__strncpy
glfw3.lib(input.obj) : error LNK2001: unresolved external symbol __imp__strcspn
glfw3.lib(input.obj) : error LNK2001: unresolved external symbol __imp__strspn
glfw3.lib(input.obj) : error LNK2001: unresolved external symbol __imp__realloc
glfw3.lib(win32_monitor.obj) : error LNK2001: unresolved external symbol __imp__realloc
glfw3.lib(monitor.obj) : error LNK2001: unresolved external symbol __imp__realloc
glfw3.lib(input.obj) : error LNK2001: unresolved external symbol __imp__strtoul
glfw3.lib(input.obj) : error LNK2001: unresolved external symbol __dtoul3
glfw3.lib(input.obj) : error LNK2001: unresolved external symbol __ultod3
glfw3.lib(input.obj) : error LNK2001: unresolved external symbol _memcpy
glfw3.lib(win32_monitor.obj) : error LNK2001: unresolved external symbol _memcpy
glfw3.lib(monitor.obj) : error LNK2001: unresolved external symbol __imp__qsort
glfw3.lib(win32_joystick.obj) : error LNK2001: unresolved external symbol __imp__qsort
glfw3.lib(monitor.obj) : error LNK2001: unresolved external symbol __libm_sse2_pow_precise
glfw3.lib(monitor.obj) : error LNK2001: unresolved external symbol _memmove
glfw3.lib(win32_window.obj) : error LNK2001: unresolved external symbol __dtoui3
msvcprt.lib(locale0_implib.obj) : error LNK2001: unresolved external symbol _atexit
msvcprt.lib(locale0_implib.obj) : error LNK2001: unresolved external symbol ___guard_check_icall_fptr
C:\Users\65916\Desktop\Projects\COMG OFFICIAL\Release\Application.exe : fatal error LNK1120: 56 unresolved externals
