c:\users\65916\desktop\projects\comg official\application\debug\vc142.pdb
c:\users\65916\desktop\projects\comg official\application\debug\vc142.idb
c:\users\avxl0\onedrive\documents\github\sp2framework\application\debug\vc142.pdb
c:\users\avxl0\onedrive\documents\github\sp2framework\application\debug\vc142.idb
c:\users\avxl0\onedrive\documents\github\sp2framework\application\debug\utility.obj
c:\users\avxl0\onedrive\documents\github\sp2framework\application\debug\shader.obj
c:\users\avxl0\onedrive\documents\github\sp2framework\application\debug\scenetemplate.obj
c:\users\avxl0\onedrive\documents\github\sp2framework\application\debug\sceneoffice.obj
c:\users\avxl0\onedrive\documents\github\sp2framework\application\debug\scenehome.obj
c:\users\avxl0\onedrive\documents\github\sp2framework\application\debug\meshbuilder.obj
c:\users\avxl0\onedrive\documents\github\sp2framework\application\debug\mesh.obj
c:\users\avxl0\onedrive\documents\github\sp2framework\application\debug\main.obj
c:\users\avxl0\onedrive\documents\github\sp2framework\application\debug\loadtga.obj
c:\users\avxl0\onedrive\documents\github\sp2framework\application\debug\loadobj.obj
c:\users\avxl0\onedrive\documents\github\sp2framework\application\debug\firstpersoncamera.obj
c:\users\avxl0\onedrive\documents\github\sp2framework\application\debug\camera.obj
c:\users\avxl0\onedrive\documents\github\sp2framework\application\debug\application.obj
c:\users\avxl0\onedrive\documents\github\sp2framework\debug\application.exe
c:\users\avxl0\onedrive\documents\github\sp2framework\application\debug\application.ilk
c:\users\avxl0\onedrive\documents\github\sp2framework\debug\application.pdb
c:\users\avxl0\onedrive\documents\github\sp2framework\application\debug\camera2.obj
c:\users\avxl0\onedrive\documents\github\sp2framework\application\debug\camera3.obj
c:\users\avxl0\onedrive\documents\github\sp2framework\application\debug\ica1.obj
c:\users\avxl0\onedrive\documents\github\sp2framework\application\debug\ica2.obj
c:\users\avxl0\onedrive\documents\github\sp2framework\application\debug\scene1.obj
c:\users\avxl0\onedrive\documents\github\sp2framework\application\debug\scene2.obj
c:\users\avxl0\onedrive\documents\github\sp2framework\application\debug\scene3.obj
c:\users\avxl0\onedrive\documents\github\sp2framework\application\debug\scene4.obj
c:\users\avxl0\onedrive\documents\github\sp2framework\application\debug\scene5.obj
c:\users\avxl0\onedrive\documents\github\sp2framework\application\debug\scene6.obj
c:\users\avxl0\onedrive\documents\github\sp2framework\application\debug\scenelight.obj
c:\users\avxl0\onedrive\documents\github\sp2framework\application\debug\scenelight2.obj
c:\users\avxl0\onedrive\documents\github\sp2framework\application\debug\sceneobject.obj
c:\users\avxl0\onedrive\documents\github\sp2framework\application\debug\sceneskybox.obj
c:\users\avxl0\onedrive\documents\github\sp2framework\application\debug\scenetext.obj
c:\users\avxl0\onedrive\documents\github\sp2framework\application\debug\scenetexture.obj
c:\users\avxl0\onedrive\documents\github\sp2framework\application\debug\sceneui.obj
c:\users\avxl0\onedrive\documents\github\sp2framework\application\debug\thirdpersoncamera.obj
c:\users\avxl0\onedrive\documents\github\sp2framework\application\debug\application.tlog\cl.command.1.tlog
c:\users\avxl0\onedrive\documents\github\sp2framework\application\debug\application.tlog\cl.read.1.tlog
c:\users\avxl0\onedrive\documents\github\sp2framework\application\debug\application.tlog\cl.write.1.tlog
c:\users\avxl0\onedrive\documents\github\sp2framework\application\debug\application.tlog\link.command.1.tlog
c:\users\avxl0\onedrive\documents\github\sp2framework\application\debug\application.tlog\link.read.1.tlog
c:\users\avxl0\onedrive\documents\github\sp2framework\application\debug\application.tlog\link.write.1.tlog
